<?xml version="1.0" encoding="UTF-8"?>
<!-- Generated by org.testng.reporters.JUnitReportReporter -->
<testsuite hostname="Nikhils-Air.bbrouter" failures="0" tests="2" name="rahulshettyacademy.tests.ErrorValidationTest" time="34.669" errors="0" timestamp="13 May 2024 03:13:09 GMT" skipped="0">
  <testcase classname="rahulshettyacademy.tests.ErrorValidationTest" name="loginErrorValidation" time="12.406"/>
  <testcase classname="rahulshettyacademy.tests.ErrorValidationTest" name="cartValidation" time="22.263"/>
</testsuite> <!-- rahulshettyacademy.tests.ErrorValidationTest -->
