<?xml version="1.0" encoding="UTF-8"?>
<!-- Generated by org.testng.reporters.JUnitReportReporter -->
<testsuite hostname="Nikhils-Air.bbrouter" failures="0" tests="1" name="rahulshettyacademy.cucumber.TestNGTestRunner" time="36.078" errors="0" timestamp="13 May 2024 03:13:09 GMT" skipped="0">
  <testcase classname="rahulshettyacademy.cucumber.TestNGTestRunner" name="runScenario" time="36.078"/>
</testsuite> <!-- rahulshettyacademy.cucumber.TestNGTestRunner -->
